{"timestamp": "2025-11-08T18:21:55.765399", "user": "streamlit-admin", "action": "update", "summary": "Updated taxonomy (6 categories)", "before_backup": "config/backups\\taxonomy.20251108T182155Z.yaml", "after_snapshot": {"version": 2, "categories": ["entertainment", "groceries", "restaurants", "shopping", "travel", "utilities"]}}
{"timestamp": "2025-11-08T18:21:55.766698", "user": "streamlit-admin", "action": "add_merchant", "summary": "Added merchant 'kp' to category 'travel'", "after_snapshot": {"version": null, "categories": ["travel"]}}
{"timestamp": "2025-11-08T18:29:15.988974", "user": "streamlit-admin", "action": "update", "summary": "Updated taxonomy (6 categories)", "before_backup": "config/backups\\taxonomy.20251108T182915Z.yaml", "after_snapshot": {"version": 3, "categories": ["entertainment", "groceries", "restaurants", "shopping", "travel", "utilities"]}}
{"timestamp": "2025-11-08T18:29:15.990384", "user": "streamlit-admin", "action": "add_merchant", "summary": "Added merchant 'kp' to category 'travel'", "after_snapshot": {"version": null, "categories": ["travel"]}}
{"timestamp": "2025-11-08T18:41:43.221123", "user": "streamlit-admin", "action": "update", "summary": "Updated taxonomy (6 categories)", "before_backup": "config/backups\\taxonomy.20251108T184143Z.yaml", "after_snapshot": {"version": 4, "categories": ["entertainment", "groceries", "restaurants", "shopping", "travel", "utilities"]}}
{"timestamp": "2025-11-08T18:41:43.224210", "user": "streamlit-admin", "action": "add_merchant", "summary": "Added merchant 'kp' to category 'travel'", "after_snapshot": {"version": null, "categories": ["travel"]}}
{"timestamp": "2025-11-08T18:49:10.542407", "user": "streamlit-admin", "action": "update", "summary": "Updated taxonomy (6 categories)", "before_backup": "config/backups\\taxonomy.20251108T184910Z.yaml", "after_snapshot": {"version": 5, "categories": ["entertainment", "groceries", "restaurants", "shopping", "travel", "utilities"]}}
{"timestamp": "2025-11-08T18:49:10.554639", "user": "streamlit-admin", "action": "add_merchant", "summary": "Added merchant 'kanav' to category 'entertainment'", "after_snapshot": {"version": null, "categories": ["entertainment"]}}
{"timestamp": "2025-11-08T18:53:09.952327", "user": "streamlit-admin", "action": "update", "summary": "Updated taxonomy (6 categories)", "before_backup": "config/backups\\taxonomy.20251108T185309Z.yaml", "after_snapshot": {"version": 6, "categories": ["entertainment", "groceries", "restaurants", "shopping", "travel", "utilities"]}}
{"timestamp": "2025-11-08T18:53:09.960625", "user": "streamlit-admin", "action": "add_merchant", "summary": "Added merchant 'shaurya' to category 'entertainment'", "after_snapshot": {"version": null, "categories": ["entertainment"]}}
{"timestamp": "2025-11-08T19:03:28.914350", "user": "streamlit-admin", "action": "update", "summary": "Updated taxonomy (6 categories)", "before_backup": "config/backups\\taxonomy.20251108T190328Z.yaml", "after_snapshot": {"version": 7, "categories": ["entertainment", "groceries", "restaurants", "shopping", "travel", "utilities"]}}
{"timestamp": "2025-11-08T19:03:28.924388", "user": "streamlit-admin", "action": "add_merchant", "summary": "Added merchant 'vaip' to category 'entertainment'", "after_snapshot": {"version": null, "categories": ["entertainment"]}}
{"timestamp": "2025-11-09T14:36:32.429794", "user": "streamlit-admin", "action": "update", "summary": "Updated taxonomy (6 categories)", "before_backup": "config/backups\\taxonomy.20251109T143632Z.yaml", "after_snapshot": {"version": 8, "categories": ["entertainment", "groceries", "restaurants", "shopping", "travel", "utilities"]}}
{"timestamp": "2025-11-09T14:36:32.451308", "user": "streamlit-admin", "action": "add_merchant", "summary": "Added merchant 'jassi' to category 'utilities'", "after_snapshot": {"version": null, "categories": ["utilities"]}}
{"timestamp": "2025-11-09T14:59:26.949062", "user": "streamlit-admin", "action": "update", "summary": "Updated taxonomy (6 categories)", "before_backup": "config/backups\\taxonomy.20251109T145926Z.yaml", "after_snapshot": {"version": 9, "categories": ["entertainment", "groceries", "restaurants", "shopping", "travel", "utilities"]}}
{"timestamp": "2025-11-09T14:59:26.961929", "user": "streamlit-admin", "action": "add_merchant", "summary": "Added merchant 'flushkaran' to category 'shopping'", "after_snapshot": {"version": null, "categories": ["shopping"]}}
{"timestamp": "2025-11-12T17:16:58.772085", "user": "streamlit-admin", "action": "update", "summary": "Updated taxonomy (6 categories)", "before_backup": "config/backups\\taxonomy.20251112T171658Z.yaml", "after_snapshot": {"version": 10, "categories": ["entertainment", "groceries", "restaurants", "shopping", "travel", "utilities"]}}
{"timestamp": "2025-11-12T17:16:58.786450", "user": "streamlit-admin", "action": "add_merchant", "summary": "Added merchant 'karan' to category 'shopping'", "after_snapshot": {"version": null, "categories": ["shopping"]}}
{"timestamp": "2025-11-12T17:27:42.197994", "user": "streamlit-admin", "action": "update", "summary": "Updated taxonomy (6 categories)", "before_backup": "config/backups\\taxonomy.20251112T172742Z.yaml", "after_snapshot": {"version": 11, "categories": ["entertainment", "groceries", "restaurants", "shopping", "travel", "utilities"]}}
{"timestamp": "2025-11-12T17:27:42.229831", "user": "streamlit-admin", "action": "add_merchant", "summary": "Added merchant 'kan' to category 'shopping'", "after_snapshot": {"version": null, "categories": ["shopping"]}}
{"timestamp": "2025-11-12T17:48:44.766383", "user": "streamlit-admin", "action": "update", "summary": "Updated taxonomy (6 categories)", "before_backup": "config/backups\\taxonomy.20251112T174844Z.yaml", "after_snapshot": {"version": 12, "categories": ["entertainment", "groceries", "restaurants", "shopping", "travel", "utilities"]}}
{"timestamp": "2025-11-12T17:48:44.776802", "user": "streamlit-admin", "action": "add_merchant", "summary": "Added merchant 'ka' to category 'restaurants'", "after_snapshot": {"version": null, "categories": ["restaurants"]}}
{"timestamp": "2025-11-12T18:05:28.830146", "user": "streamlit-admin", "action": "update", "summary": "Updated taxonomy (6 categories)", "before_backup": "config/backups\\taxonomy.20251112T180528Z.yaml", "after_snapshot": {"version": 13, "categories": ["entertainment", "groceries", "restaurants", "shopping", "travel", "utilities"]}}
{"timestamp": "2025-11-12T18:05:28.858575", "user": "streamlit-admin", "action": "add_merchant", "summary": "Added merchant 'kap' to category 'shopping'", "after_snapshot": {"version": null, "categories": ["shopping"]}}
{"timestamp": "2025-11-12T18:15:20.499843", "user": "streamlit-admin", "action": "update", "summary": "Updated taxonomy (6 categories)", "before_backup": "config/backups\\taxonomy.20251112T181520Z.yaml", "after_snapshot": {"version": 14, "categories": ["entertainment", "groceries", "restaurants", "shopping", "travel", "utilities"]}}
{"timestamp": "2025-11-12T18:15:20.532081", "user": "streamlit-admin", "action": "add_merchant", "summary": "Added merchant 'ash' to category 'shopping'", "after_snapshot": {"version": null, "categories": ["shopping"]}}
{"timestamp": "2025-11-21T19:05:46.487514", "user": "streamlit-admin", "action": "update", "summary": "Updated taxonomy (6 categories)", "before_backup": "config/backups\\taxonomy.20251121T190546Z.yaml", "after_snapshot": {"version": 14, "categories": ["entertainment", "groceries", "restaurants", "shopping", "travel", "utilities"]}}
{"timestamp": "2025-11-21T19:05:46.490217", "user": "streamlit-admin", "action": "add_merchant", "summary": "Added 'tosha' \u2192 'groceries'"}
